mode: set
github.com/nvasilev98/ginkgo-gomega/pkg/middleware/jwt_parser.go:30.60,32.30 2 1
github.com/nvasilev98/ginkgo-gomega/pkg/middleware/jwt_parser.go:35.2,35.15 1 1
github.com/nvasilev98/ginkgo-gomega/pkg/middleware/jwt_parser.go:32.30,34.3 1 1
github.com/nvasilev98/ginkgo-gomega/pkg/middleware/jwt_parser.go:39.41,40.28 1 0
github.com/nvasilev98/ginkgo-gomega/pkg/middleware/jwt_parser.go:40.28,42.3 1 0
github.com/nvasilev98/ginkgo-gomega/pkg/middleware/jwt_parser.go:46.51,47.28 1 1
github.com/nvasilev98/ginkgo-gomega/pkg/middleware/jwt_parser.go:47.28,49.3 1 1
github.com/nvasilev98/ginkgo-gomega/pkg/middleware/jwt_parser.go:53.44,55.16 2 1
github.com/nvasilev98/ginkgo-gomega/pkg/middleware/jwt_parser.go:61.2,61.69 1 1
github.com/nvasilev98/ginkgo-gomega/pkg/middleware/jwt_parser.go:67.2,68.16 2 0
github.com/nvasilev98/ginkgo-gomega/pkg/middleware/jwt_parser.go:74.2,74.33 1 0
github.com/nvasilev98/ginkgo-gomega/pkg/middleware/jwt_parser.go:78.2,78.10 1 0
github.com/nvasilev98/ginkgo-gomega/pkg/middleware/jwt_parser.go:55.16,59.3 3 1
github.com/nvasilev98/ginkgo-gomega/pkg/middleware/jwt_parser.go:61.69,65.3 3 1
github.com/nvasilev98/ginkgo-gomega/pkg/middleware/jwt_parser.go:68.16,72.3 3 0
github.com/nvasilev98/ginkgo-gomega/pkg/middleware/jwt_parser.go:74.33,76.3 1 0
github.com/nvasilev98/ginkgo-gomega/pkg/middleware/jwt_parser.go:81.74,82.24 1 1
github.com/nvasilev98/ginkgo-gomega/pkg/middleware/jwt_parser.go:87.2,87.12 1 0
github.com/nvasilev98/ginkgo-gomega/pkg/middleware/jwt_parser.go:82.24,83.61 1 1
github.com/nvasilev98/ginkgo-gomega/pkg/middleware/jwt_parser.go:83.61,85.4 1 1
github.com/nvasilev98/ginkgo-gomega/pkg/middleware/jwt_parser.go:90.55,93.22 2 1
github.com/nvasilev98/ginkgo-gomega/pkg/middleware/jwt_parser.go:100.2,100.70 1 1
github.com/nvasilev98/ginkgo-gomega/pkg/middleware/jwt_parser.go:93.22,95.83 2 1
github.com/nvasilev98/ginkgo-gomega/pkg/middleware/jwt_parser.go:95.83,97.4 1 1
github.com/nvasilev98/ginkgo-gomega/pkg/middleware/jwt_parser.go:103.69,105.23 2 0
github.com/nvasilev98/ginkgo-gomega/pkg/middleware/jwt_parser.go:109.2,110.16 2 0
github.com/nvasilev98/ginkgo-gomega/pkg/middleware/jwt_parser.go:114.2,115.61 2 0
github.com/nvasilev98/ginkgo-gomega/pkg/middleware/jwt_parser.go:119.2,119.21 1 0
github.com/nvasilev98/ginkgo-gomega/pkg/middleware/jwt_parser.go:105.23,107.3 1 0
github.com/nvasilev98/ginkgo-gomega/pkg/middleware/jwt_parser.go:110.16,112.3 1 0
github.com/nvasilev98/ginkgo-gomega/pkg/middleware/jwt_parser.go:115.61,117.3 1 0
